#
# There is insufficient memory for the Java Runtime Environment to continue.
# Native memory allocation (mmap) failed to map 98566144 bytes for G1 virtual space
# Possible reasons:
#   The system is out of physical RAM or swap space
#   The process is running with CompressedOops enabled, and the Java Heap may be blocking the growth of the native heap
# Possible solutions:
#   Reduce memory load on the system
#   Increase physical memory or swap space
#   Check if swap backing store is full
#   Decrease Java heap size (-Xmx/-Xms)
#   Decrease number of Java threads
#   Decrease Java thread stack sizes (-Xss)
#   Set larger code cache with -XX:ReservedCodeCacheSize=
#   JVM is running with Unscaled Compressed Oops mode in which the Java heap is
#     placed in the first 4GB address space. The Java Heap base address is the
#     maximum limit for the native heap growth. Please use -XX:HeapBaseMinAddress
#     to set the Java Heap base and to place the Java Heap above 4GB virtual address.
# This output file may be truncated or incomplete.
#
#  Out of Memory Error (os_windows.cpp:3825), pid=40804, tid=14116
#
# JRE version:  (17.0.9+7) (build )
# Java VM: OpenJDK 64-Bit Server VM (17.0.9+7-b1087.11, mixed mode, sharing, tiered, compressed oops, compressed class ptrs, g1 gc, windows-amd64)
# No core dump will be written. Minidumps are not enabled by default on client versions of Windows
#

---------------  S U M M A R Y ------------

Command Line: git4idea.http.GitAskPassApp Username for 'https://github.com': 

Host: AMD Ryzen 7 5800H with Radeon Graphics         , 16 cores, 5G,  Windows 10 , 64 bit Build 19041 (10.0.19041.4957)
Time: Tue Oct 22 05:38:10 2024 Egypt Daylight Time elapsed time: 0.013543 seconds (0d 0h 0m 0s)

---------------  T H R E A D  ---------------

Current thread (0x000002057a371970):  JavaThread "Unknown thread" [_thread_in_vm, id=14116, stack(0x0000009c0db00000,0x0000009c0dc00000)]

Stack: [0x0000009c0db00000,0x0000009c0dc00000]
Native frames: (J=compiled Java code, j=interpreted, Vv=VM code, C=native code)
V  [jvm.dll+0x688349]
V  [jvm.dll+0x841bfa]
V  [jvm.dll+0x84383e]
V  [jvm.dll+0x843ea3]
V  [jvm.dll+0x24bdef]
V  [jvm.dll+0x6850f9]
V  [jvm.dll+0x67988a]
V  [jvm.dll+0x30cbfb]
V  [jvm.dll+0x3140a6]
V  [jvm.dll+0x363ede]
V  [jvm.dll+0x36410f]
V  [jvm.dll+0x2e29c8]
V  [jvm.dll+0x2e3934]
V  [jvm.dll+0x812771]
V  [jvm.dll+0x371d41]
V  [jvm.dll+0x7f12bc]
V  [jvm.dll+0x3f59cf]
V  [jvm.dll+0x3f7601]
C  [jli.dll+0x528f]
C  [ucrtbase.dll+0x21bb2]
C  [KERNEL32.DLL+0x17374]
C  [ntdll.dll+0x4cc91]


---------------  P R O C E S S  ---------------

Threads class SMR info:
_java_thread_list=0x00007fff8bc3df18, length=0, elements={
}

Java Threads: ( => current thread )

Other Threads:
  0x000002057a3bdbd0 GCTaskThread "GC Thread#0" [stack: 0x0000009c0dc00000,0x0000009c0dd00000] [id=35096]
  0x000002057a3ca5a0 ConcurrentGCThread "G1 Main Marker" [stack: 0x0000009c0dd00000,0x0000009c0de00000] [id=30980]
  0x000002057a3caec0 ConcurrentGCThread "G1 Conc#0" [stack: 0x0000009c0de00000,0x0000009c0df00000] [id=35712]

[error occurred during error reporting (printing all threads), id 0xc0000005, EXCEPTION_ACCESS_VIOLATION (0xc0000005) at pc=0x00007fff8b3f3597]

VM state: not at safepoint (not fully initialized)

VM Mutex/Monitor currently owned by a thread:  ([mutex/lock_event])
[0x000002057a36dcd0] Heap_lock - owner thread: 0x000002057a371970

Heap address: 0x00000000a2400000, size: 1500 MB, Compressed Oops mode: 32-bit

CDS archive(s) mapped at: [0x0000000000000000-0x0000000000000000-0x0000000000000000), size 0, SharedBaseAddress: 0x0000000800000000, ArchiveRelocationMode: 1.
Narrow klass base: 0x0000000000000000, Narrow klass shift: 0, Narrow klass range: 0x0

GC Precious Log:
<Empty>

Heap:
 garbage-first heap   total 0K, used 0K [0x00000000a2400000, 0x0000000100000000)
  region size 1024K, 0 young (0K), 0 survivors (0K)
 Metaspace       used 0K, committed 0K, reserved 0K
  class space    used 0K, committed 0K, reserved 0K

Heap Regions: E=young(eden), S=young(survivor), O=old, HS=humongous(starts), HC=humongous(continues), CS=collection set, F=free, OA=open archive, CA=closed archive, TAMS=top-at-mark-start (previous, next)

Card table byte_map: [0x000002057e660000,0x000002057e950000] _byte_map_base: 0x000002057e14e000

Marking Bits (Prev, Next): (CMBitMap*) 0x000002057a3be0f0, (CMBitMap*) 0x000002057a3be130
 Prev Bits: [0x000002050f000000, 0x0000020510770000)
 Next Bits: [0x0000020510770000, 0x0000020511ee0000)

GC Heap History (0 events):
No events

Dll operation events (1 events):
Event: 0.005 Loaded shared library C:\Program Files\IntelliJ IDEA 2023.3.3\jbr\bin\java.dll

Deoptimization events (0 events):
No events

Classes unloaded (0 events):
No events

Classes redefined (0 events):
No events

Internal exceptions (0 events):
No events

VM Operations (0 events):
No events

Events (0 events):
No events


Dynamic libraries:
0x00007ff6a2420000 - 0x00007ff6a242a000 	C:\Program Files\IntelliJ IDEA 2023.3.3\jbr\bin\java.exe
0x00007ff8210b0000 - 0x00007ff8212a8000 	C:\WINDOWS\SYSTEM32\ntdll.dll
0x00007ff81f320000 - 0x00007ff81f3e2000 	C:\WINDOWS\System32\KERNEL32.DLL
0x00007ff81e8b0000 - 0x00007ff81ebae000 	C:\WINDOWS\System32\KERNELBASE.dll
0x00007ff81e7b0000 - 0x00007ff81e8b0000 	C:\WINDOWS\System32\ucrtbase.dll
0x00007ff80e760000 - 0x00007ff80e77b000 	C:\Program Files\IntelliJ IDEA 2023.3.3\jbr\bin\VCRUNTIME140.dll
0x00007ff818010000 - 0x00007ff818027000 	C:\Program Files\IntelliJ IDEA 2023.3.3\jbr\bin\jli.dll
0x00007ff820380000 - 0x00007ff82051d000 	C:\WINDOWS\System32\USER32.dll
0x00007ff81e780000 - 0x00007ff81e7a2000 	C:\WINDOWS\System32\win32u.dll
0x00007ff80bed0000 - 0x00007ff80c16a000 	C:\WINDOWS\WinSxS\amd64_microsoft.windows.common-controls_6595b64144ccf1df_6.0.19041.4355_none_60b8b9eb71f62e16\COMCTL32.dll
0x00007ff81ff90000 - 0x00007ff81ffbb000 	C:\WINDOWS\System32\GDI32.dll
0x00007ff81f270000 - 0x00007ff81f30e000 	C:\WINDOWS\System32\msvcrt.dll
0x00007ff81ebb0000 - 0x00007ff81ecc7000 	C:\WINDOWS\System32\gdi32full.dll
0x00007ff81f030000 - 0x00007ff81f0cd000 	C:\WINDOWS\System32\msvcp_win.dll
0x00007ff81f240000 - 0x00007ff81f26f000 	C:\WINDOWS\System32\IMM32.DLL
0x00007ff81a200000 - 0x00007ff81a20c000 	C:\Program Files\IntelliJ IDEA 2023.3.3\jbr\bin\vcruntime140_1.dll
0x00007fff94800000 - 0x00007fff9488d000 	C:\Program Files\IntelliJ IDEA 2023.3.3\jbr\bin\msvcp140.dll
0x00007fff8b100000 - 0x00007fff8bd82000 	C:\Program Files\IntelliJ IDEA 2023.3.3\jbr\bin\server\jvm.dll
0x00007ff81f5a0000 - 0x00007ff81f652000 	C:\WINDOWS\System32\ADVAPI32.dll
0x00007ff81f8d0000 - 0x00007ff81f970000 	C:\WINDOWS\System32\sechost.dll
0x00007ff81f660000 - 0x00007ff81f783000 	C:\WINDOWS\System32\RPCRT4.dll
0x00007ff81e750000 - 0x00007ff81e777000 	C:\WINDOWS\System32\bcrypt.dll
0x00007ff808d30000 - 0x00007ff808d39000 	C:\WINDOWS\SYSTEM32\WSOCK32.dll
0x00007ff812f70000 - 0x00007ff812f97000 	C:\WINDOWS\SYSTEM32\WINMM.dll
0x00007ff81faa0000 - 0x00007ff81fb0b000 	C:\WINDOWS\System32\WS2_32.dll
0x00007ff8153d0000 - 0x00007ff8153da000 	C:\WINDOWS\SYSTEM32\VERSION.dll
0x00007ff81dce0000 - 0x00007ff81dd2b000 	C:\WINDOWS\SYSTEM32\POWRPROF.dll
0x00007ff81db90000 - 0x00007ff81dba2000 	C:\WINDOWS\SYSTEM32\UMPDC.dll
0x00007ff81c5d0000 - 0x00007ff81c5e2000 	C:\WINDOWS\SYSTEM32\kernel.appcore.dll
0x00007ff81b820000 - 0x00007ff81b82a000 	C:\Program Files\IntelliJ IDEA 2023.3.3\jbr\bin\jimage.dll
0x00007ff813e20000 - 0x00007ff814004000 	C:\WINDOWS\SYSTEM32\DBGHELP.DLL
0x00007ff806c90000 - 0x00007ff806cc4000 	C:\WINDOWS\SYSTEM32\dbgcore.DLL
0x00007ff81ee30000 - 0x00007ff81eeb2000 	C:\WINDOWS\System32\bcryptPrimitives.dll
0x00007ff81a480000 - 0x00007ff81a4a5000 	C:\Program Files\IntelliJ IDEA 2023.3.3\jbr\bin\java.dll

dbghelp: loaded successfully - version: 4.0.5 - missing functions: none
symbol engine: initialized successfully - sym options: 0x614 - pdb path: .;C:\Program Files\IntelliJ IDEA 2023.3.3\jbr\bin;C:\WINDOWS\SYSTEM32;C:\WINDOWS\WinSxS\amd64_microsoft.windows.common-controls_6595b64144ccf1df_6.0.19041.4355_none_60b8b9eb71f62e16;C:\Program Files\IntelliJ IDEA 2023.3.3\jbr\bin\server

VM Arguments:
java_command: git4idea.http.GitAskPassApp Username for 'https://github.com': 
java_class_path (initial): C:/Program Files/IntelliJ IDEA 2023.3.3/plugins/vcs-git/lib/git4idea-rt.jar;C:/Program Files/IntelliJ IDEA 2023.3.3/lib/externalProcess-rt.jar
Launcher Type: SUN_STANDARD

[Global flags]
     intx CICompilerCount                          = 12                                        {product} {ergonomic}
     uint ConcGCThreads                            = 3                                         {product} {ergonomic}
     uint G1ConcRefinementThreads                  = 13                                        {product} {ergonomic}
   size_t G1HeapRegionSize                         = 1048576                                   {product} {ergonomic}
    uintx GCDrainStackTargetSize                   = 64                                        {product} {ergonomic}
   size_t InitialHeapSize                          = 98566144                                  {product} {ergonomic}
   size_t MarkStackSize                            = 4194304                                   {product} {ergonomic}
   size_t MaxHeapSize                              = 1572864000                                {product} {ergonomic}
   size_t MinHeapDeltaBytes                        = 1048576                                   {product} {ergonomic}
   size_t MinHeapSize                              = 8388608                                   {product} {ergonomic}
    uintx NonNMethodCodeHeapSize                   = 7602480                                {pd product} {ergonomic}
    uintx NonProfiledCodeHeapSize                  = 122027880                              {pd product} {ergonomic}
    uintx ProfiledCodeHeapSize                     = 122027880                              {pd product} {ergonomic}
    uintx ReservedCodeCacheSize                    = 251658240                              {pd product} {ergonomic}
     bool SegmentedCodeCache                       = true                                      {product} {ergonomic}
   size_t SoftMaxHeapSize                          = 1572864000                             {manageable} {ergonomic}
     bool UseCompressedClassPointers               = true                           {product lp64_product} {ergonomic}
     bool UseCompressedOops                        = true                           {product lp64_product} {ergonomic}
     bool UseG1GC                                  = true                                      {product} {ergonomic}
     bool UseLargePagesIndividualAllocation        = false                                  {pd product} {ergonomic}

Logging:
Log output configuration:
 #0: stdout all=warning uptime,level,tags
 #1: stderr all=off uptime,level,tags

Environment Variables:
JAVA_HOME=C:\Program Files\Java\jdk-19
PATH=C:\Program Files\Git\mingw64\libexec\git-core;C:\Program Files\Git\mingw64\libexec\git-core;C:\Program Files\Git\mingw64\bin;C:\Program Files\Git\usr\bin;C:\Users\pc\bin;C:\Program Files\Common Files\Oracle\Java\javapath;C:\Program Files (x86)\Common Files\Oracle\Java\javapath;C:\WINDOWS\system32;C:\WINDOWS;C:\WINDOWS\System32\Wbem;C:\WINDOWS\System32\WindowsPowerShell\v1.0;C:\WINDOWS\System32\OpenSSH;F:\nodejs;F:\Users\pc\AppData\Local\Pub\Cache\bin;F:\Flutter;C:\Users\pc\AppData\Roaming\npm;C:\Program Files\Git\cmd;C:\Program Files (x86)\Microsoft SQL Server\160\Tools\Binn;C:\Program Files\Microsoft SQL Server\160\Tools\Binn;C:\Program Files\Microsoft SQL Server\Client SDK\ODBC\170\Tools\Binn;C:\Program Files\Microsoft SQL Server\160\DTS\Binn;C:\Program Files (x86)\Microsoft SQL Server\160\DTS\Binn;C:\Program Files\Apache Software Foundation\apache-maven-3.9.8\bin;C:\Program Files\Cloudflare\Cloudflare WARP;F:\nodejs;C:\Users\pc\AppData\Local\Programs\Python\Launcher;C:\Users\pc\AppData\Local\Microsoft\WindowsApps;C:\Users\pc\AppData\Local\Programs\Microsoft VS Code\bin;C:\Program Files\JetBrains\IntelliJ IDEA 2022.3.2\bin;C:\Users\pc\AppData\Local\GitHubDesktop\bin;C:\Users\pc\AppData\Local\Android\Sdk\platform-tools;F:\dart-sdk\bin;F:\src\flutter\bin;C:\Users\pc\AppData\Roaming\npm;F:\Users\pc\AppData\Local\Pub\Cache\bin;F:\Flutter;C:\Users\pc\AppData\Local\JetBrains\Toolbox\scripts;C:\Program Files\Java\jdk-19\bin
USERNAME=pc
DISPLAY=:0.0
LC_ALL=en_US.UTF-8
TERM=xterm-256color
TMPDIR=C:\Users\pc\AppData\Local\Temp
OS=Windows_NT
PROCESSOR_IDENTIFIER=AMD64 Family 25 Model 80 Stepping 0, AuthenticAMD
TMP=C:\Users\pc\AppData\Local\Temp
TEMP=C:\Users\pc\AppData\Local\Temp



Periodic native trim disabled

JNI global refs:
JNI global refs: 0, weak refs: 0

JNI global refs memory usage: 0, weak refs: 0

OOME stack traces (most recent first):
Classloader memory used:


---------------  S Y S T E M  ---------------

OS:
 Windows 10 , 64 bit Build 19041 (10.0.19041.4957)
OS uptime: 1 days 1:21 hours

CPU: total 16 (initial active 16) (16 cores per cpu, 2 threads per core) family 25 model 80 stepping 0 microcode 0x0, cx8, cmov, fxsr, ht, mmx, 3dnowpref, sse, sse2, sse3, ssse3, sse4a, sse4.1, sse4.2, popcnt, lzcnt, tsc, tscinvbit, avx, avx2, aes, erms, clmul, bmi1, bmi2, adx, sha, fma, vzeroupper, clflush, clflushopt
Processor Information for all 16 processors :
  Max Mhz: 3201, Current Mhz: 3201, Mhz Limit: 3201

Memory: 4k page, system-wide physical 5996M (118M free)
TotalPageFile size 24428M (AvailPageFile size 32M)
current process WorkingSet (physical memory assigned to process): 10M, peak: 10M
current process commit charge ("private bytes"): 70M, peak: 164M

vm_info: OpenJDK 64-Bit Server VM (17.0.9+7-b1087.11) for windows-amd64 JRE (17.0.9+7-b1087.11), built on 2024-01-05 by "builduser" with MS VC++ 16.10 / 16.11 (VS2019)

END.
